<?xml version="1.0" encoding="UTF-8"?>
<!-- Generated by org.testng.reporters.JUnitReportReporter -->
<testsuite skipped="0" hostname="krish" name="extentreports.e" tests="1" failures="0" timestamp="2023-07-12T13:56:50 IST" time="3.768" errors="0">
  <testcase name="extentReportsDemo" time="3.768" classname="extentreports.e"/>
  <system-out/>
</testsuite> <!-- extentreports.e -->
